2022-01-05 15:06:22,638:DEBUG:61:EUC-JP Japanese prober hit error at byte 25134
2022-01-05 15:06:22,714:DEBUG:65:EUC-KR Korean prober hit error at byte 25134
2022-01-05 15:06:22,737:DEBUG:65:CP949 Korean prober hit error at byte 25134
2022-01-05 15:06:22,762:DEBUG:65:Big5 Chinese prober hit error at byte 25135
2022-01-05 15:06:22,787:DEBUG:65:EUC-TW Taiwan prober hit error at byte 25134
2022-01-05 15:06:22,887:DEBUG:101:utf-8  confidence = 0.505
2022-01-05 15:06:22,887:DEBUG:101:SHIFT_JIS Japanese confidence = 0.01
2022-01-05 15:06:22,887:DEBUG:98:EUC-JP not active
2022-01-05 15:06:22,887:DEBUG:101:GB2312 Chinese confidence = 0.01
2022-01-05 15:06:22,887:DEBUG:98:EUC-KR not active
2022-01-05 15:06:22,887:DEBUG:98:CP949 not active
2022-01-05 15:06:22,887:DEBUG:98:Big5 not active
2022-01-05 15:06:22,887:DEBUG:98:EUC-TW not active
2022-01-05 15:06:22,887:DEBUG:101:windows-1251 Russian confidence = 0.01
2022-01-05 15:06:22,888:DEBUG:101:KOI8-R Russian confidence = 0.01
2022-01-05 15:06:22,888:DEBUG:101:ISO-8859-5 Russian confidence = 0.01
2022-01-05 15:06:22,888:DEBUG:101:MacCyrillic Russian confidence = 0.0
2022-01-05 15:06:22,888:DEBUG:101:IBM866 Russian confidence = 0.0
2022-01-05 15:06:22,888:DEBUG:101:IBM855 Russian confidence = 0.01
2022-01-05 15:06:22,888:DEBUG:101:ISO-8859-7 Greek confidence = 0.0
2022-01-05 15:06:22,888:DEBUG:101:windows-1253 Greek confidence = 0.0
2022-01-05 15:06:22,888:DEBUG:101:ISO-8859-5 Bulgarian confidence = 0.01
2022-01-05 15:06:22,888:DEBUG:101:windows-1251 Bulgarian confidence = 0.01
2022-01-05 15:06:22,888:DEBUG:101:TIS-620 Thai confidence = 0.01
2022-01-05 15:06:22,888:DEBUG:101:ISO-8859-9 Turkish confidence = 0.11762003779556582
2022-01-05 15:06:22,888:DEBUG:101:windows-1255 Hebrew confidence = 0.0
2022-01-05 15:06:22,888:DEBUG:101:windows-1255 Hebrew confidence = 0.0
2022-01-05 15:06:22,888:DEBUG:101:windows-1255 Hebrew confidence = 0.0
2022-01-05 15:07:07,346:DEBUG:61:EUC-JP Japanese prober hit error at byte 24706
2022-01-05 15:07:07,439:DEBUG:65:EUC-KR Korean prober hit error at byte 24706
2022-01-05 15:07:07,473:DEBUG:65:CP949 Korean prober hit error at byte 24706
2022-01-05 15:07:07,497:DEBUG:65:Big5 Chinese prober hit error at byte 24707
2022-01-05 15:07:07,524:DEBUG:65:EUC-TW Taiwan prober hit error at byte 24706
2022-01-05 15:07:07,661:DEBUG:101:utf-8  confidence = 0.87625
2022-01-05 15:07:07,661:DEBUG:101:SHIFT_JIS Japanese confidence = 0.01
2022-01-05 15:07:07,661:DEBUG:98:EUC-JP not active
2022-01-05 15:07:07,661:DEBUG:101:GB2312 Chinese confidence = 0.01
2022-01-05 15:07:07,662:DEBUG:98:EUC-KR not active
2022-01-05 15:07:07,662:DEBUG:98:CP949 not active
2022-01-05 15:07:07,662:DEBUG:98:Big5 not active
2022-01-05 15:07:07,662:DEBUG:98:EUC-TW not active
2022-01-05 15:07:07,662:DEBUG:101:windows-1251 Russian confidence = 0.01
2022-01-05 15:07:07,662:DEBUG:101:KOI8-R Russian confidence = 0.01
2022-01-05 15:07:07,662:DEBUG:101:ISO-8859-5 Russian confidence = 0.01
2022-01-05 15:07:07,662:DEBUG:101:MacCyrillic Russian confidence = 0.0
2022-01-05 15:07:07,662:DEBUG:101:IBM866 Russian confidence = 0.0
2022-01-05 15:07:07,662:DEBUG:101:IBM855 Russian confidence = 0.01
2022-01-05 15:07:07,662:DEBUG:101:ISO-8859-7 Greek confidence = 0.0
2022-01-05 15:07:07,662:DEBUG:101:windows-1253 Greek confidence = 0.0
2022-01-05 15:07:07,662:DEBUG:101:ISO-8859-5 Bulgarian confidence = 0.01
2022-01-05 15:07:07,662:DEBUG:101:windows-1251 Bulgarian confidence = 0.01
2022-01-05 15:07:07,662:DEBUG:101:TIS-620 Thai confidence = 0.01
2022-01-05 15:07:07,662:DEBUG:101:ISO-8859-9 Turkish confidence = 0.14382831719657502
2022-01-05 15:07:07,662:DEBUG:101:windows-1255 Hebrew confidence = 0.0
2022-01-05 15:07:07,662:DEBUG:101:windows-1255 Hebrew confidence = 0.0
2022-01-05 15:07:07,663:DEBUG:101:windows-1255 Hebrew confidence = 0.0
2022-01-05 15:07:07,663:DEBUG:101:utf-8  confidence = 0.87625
2022-01-05 15:07:07,663:DEBUG:101:SHIFT_JIS Japanese confidence = 0.01
2022-01-05 15:07:07,663:DEBUG:98:EUC-JP not active
2022-01-05 15:07:07,663:DEBUG:101:GB2312 Chinese confidence = 0.01
2022-01-05 15:07:07,663:DEBUG:98:EUC-KR not active
2022-01-05 15:07:07,663:DEBUG:98:CP949 not active
2022-01-05 15:07:07,663:DEBUG:98:Big5 not active
2022-01-05 15:07:07,663:DEBUG:98:EUC-TW not active
2022-01-05 15:09:50,413:DEBUG:60:SHIFT_JIS Japanese prober hit error at byte 4282
2022-01-05 15:09:50,422:DEBUG:61:EUC-JP Japanese prober hit error at byte 4280
2022-01-05 15:09:50,428:DEBUG:65:GB2312 Chinese prober hit error at byte 4282
2022-01-05 15:09:50,433:DEBUG:65:EUC-KR Korean prober hit error at byte 4280
2022-01-05 15:09:50,438:DEBUG:65:CP949 Korean prober hit error at byte 4280
2022-01-05 15:09:50,446:DEBUG:65:Big5 Chinese prober hit error at byte 4281
2022-01-05 15:09:50,453:DEBUG:65:EUC-TW Taiwan prober hit error at byte 4280
2022-01-05 15:09:50,622:DEBUG:101:utf-8  confidence = 0.505
2022-01-05 15:09:50,622:DEBUG:98:SHIFT_JIS not active
2022-01-05 15:09:50,622:DEBUG:98:EUC-JP not active
2022-01-05 15:09:50,622:DEBUG:98:GB2312 not active
2022-01-05 15:09:50,622:DEBUG:98:EUC-KR not active
2022-01-05 15:09:50,622:DEBUG:98:CP949 not active
2022-01-05 15:09:50,622:DEBUG:98:Big5 not active
2022-01-05 15:09:50,622:DEBUG:98:EUC-TW not active
2022-01-05 15:09:50,622:DEBUG:101:windows-1251 Russian confidence = 0.01
2022-01-05 15:09:50,623:DEBUG:101:KOI8-R Russian confidence = 0.01
2022-01-05 15:09:50,623:DEBUG:101:ISO-8859-5 Russian confidence = 0.01
2022-01-05 15:09:50,623:DEBUG:101:MacCyrillic Russian confidence = 0.0
2022-01-05 15:09:50,623:DEBUG:101:IBM866 Russian confidence = 0.0
2022-01-05 15:09:50,623:DEBUG:101:IBM855 Russian confidence = 0.01
2022-01-05 15:09:50,623:DEBUG:101:ISO-8859-7 Greek confidence = 0.01
2022-01-05 15:09:50,623:DEBUG:101:windows-1253 Greek confidence = 0.01
2022-01-05 15:09:50,623:DEBUG:101:ISO-8859-5 Bulgarian confidence = 0.01
2022-01-05 15:09:50,623:DEBUG:101:windows-1251 Bulgarian confidence = 0.01
2022-01-05 15:09:50,623:DEBUG:101:TIS-620 Thai confidence = 0.01
2022-01-05 15:09:50,623:DEBUG:101:ISO-8859-9 Turkish confidence = 0.11927229687456918
2022-01-05 15:09:50,623:DEBUG:101:windows-1255 Hebrew confidence = 0.0
2022-01-05 15:09:50,623:DEBUG:101:windows-1255 Hebrew confidence = 0.01
2022-01-05 15:09:50,623:DEBUG:101:windows-1255 Hebrew confidence = 0.01
2022-01-05 15:09:52,802:DEBUG:60:SHIFT_JIS Japanese prober hit error at byte 28318
2022-01-05 15:09:52,874:DEBUG:61:EUC-JP Japanese prober hit error at byte 28316
2022-01-05 15:09:52,910:DEBUG:65:GB2312 Chinese prober hit error at byte 28318
2022-01-05 15:09:52,952:DEBUG:65:EUC-KR Korean prober hit error at byte 28316
2022-01-05 15:09:53,008:DEBUG:65:CP949 Korean prober hit error at byte 28316
2022-01-05 15:09:53,062:DEBUG:65:Big5 Chinese prober hit error at byte 28317
2022-01-05 15:09:53,108:DEBUG:65:EUC-TW Taiwan prober hit error at byte 28316
2022-01-05 15:09:53,331:DEBUG:101:utf-8  confidence = 0.505
2022-01-05 15:09:53,331:DEBUG:98:SHIFT_JIS not active
2022-01-05 15:09:53,331:DEBUG:98:EUC-JP not active
2022-01-05 15:09:53,331:DEBUG:98:GB2312 not active
2022-01-05 15:09:53,331:DEBUG:98:EUC-KR not active
2022-01-05 15:09:53,331:DEBUG:98:CP949 not active
2022-01-05 15:09:53,331:DEBUG:98:Big5 not active
2022-01-05 15:09:53,332:DEBUG:98:EUC-TW not active
2022-01-05 15:09:53,332:DEBUG:101:windows-1251 Russian confidence = 0.01
2022-01-05 15:09:53,332:DEBUG:101:KOI8-R Russian confidence = 0.01
2022-01-05 15:09:53,332:DEBUG:101:ISO-8859-5 Russian confidence = 0.01
2022-01-05 15:09:53,332:DEBUG:101:MacCyrillic Russian confidence = 0.0
2022-01-05 15:09:53,332:DEBUG:101:IBM866 Russian confidence = 0.0
2022-01-05 15:09:53,332:DEBUG:101:IBM855 Russian confidence = 0.01
2022-01-05 15:09:53,332:DEBUG:101:ISO-8859-7 Greek confidence = 0.01
2022-01-05 15:09:53,332:DEBUG:101:windows-1253 Greek confidence = 0.01
2022-01-05 15:09:53,332:DEBUG:101:ISO-8859-5 Bulgarian confidence = 0.01
2022-01-05 15:09:53,333:DEBUG:101:windows-1251 Bulgarian confidence = 0.01
2022-01-05 15:09:53,333:DEBUG:101:TIS-620 Thai confidence = 0.01
2022-01-05 15:09:53,333:DEBUG:101:ISO-8859-9 Turkish confidence = 0.11973823126206667
2022-01-05 15:09:53,333:DEBUG:101:windows-1255 Hebrew confidence = 0.0
2022-01-05 15:09:53,333:DEBUG:101:windows-1255 Hebrew confidence = 0.01
2022-01-05 15:09:53,333:DEBUG:101:windows-1255 Hebrew confidence = 0.01
